2024-12-02 01:07:30,088 - INFO - 
Initializing Google Earth Engine
2024-12-02 01:07:32,687 - INFO - Google Earth Engine initialized successfully
2024-12-02 01:07:32,687 - INFO - bins/rf_depth_to_water.pkl not found. Attempting to download and extract ZIP file.
2024-12-02 01:07:32,687 - INFO - bins/model_and_network.zip not found. Downloading from https://link.storjshare.io/s/jwrsgkkankl7zkpqjpwv3ahspoyq/moroccoai/model_and_network.zip?download=1.
2024-12-02 01:07:33,079 - ERROR - Error downloading or extracting ZIP file: [Errno 2] No such file or directory: 'bins'
2024-12-02 01:07:33,079 - INFO - Loading Random Forest model from: bins/rf_depth_to_water.pkl
2024-12-02 01:07:33,079 - ERROR - Error loading Random Forest model: [Errno 2] No such file or directory: 'bins/rf_depth_to_water.pkl'
2024-12-02 01:07:33,079 - INFO - bins/well_network.gpickle not found. Attempting to download and extract ZIP file.
2024-12-02 01:07:33,080 - INFO - bins/model_and_network.zip not found. Downloading from https://link.storjshare.io/s/jwrsgkkankl7zkpqjpwv3ahspoyq/moroccoai/model_and_network.zip?download=1.
2024-12-02 01:07:33,463 - ERROR - Error downloading or extracting ZIP file: [Errno 2] No such file or directory: 'bins'
2024-12-02 01:07:33,463 - INFO - Loading well network from: bins/well_network.gpickle
2024-12-02 01:07:33,463 - ERROR - Error loading well network: [Errno 2] No such file or directory: 'bins/well_network.gpickle'
2024-12-02 01:07:33,463 - INFO - Starting prediction for location: [34.56537816100176, -87.0486546875] with threshold: 5 km
2024-12-02 01:07:33,463 - INFO - Adding new node at location: [34.56537816100176, -87.0486546875]
2024-12-02 01:07:33,463 - ERROR - Error adding new node and edges: 'NoneType' object has no attribute 'add_node'
2024-12-02 01:07:33,463 - ERROR - Error computing and predicting depth of water: 'NoneType' object has no attribute 'degree'
2024-12-02 01:07:38,030 - INFO - 
Initializing Google Earth Engine
2024-12-02 01:07:41,003 - INFO - Google Earth Engine initialized successfully
2024-12-02 01:07:41,004 - INFO - bins/rf_depth_to_water.pkl not found. Attempting to download and extract ZIP file.
2024-12-02 01:07:41,004 - INFO - bins/model_and_network.zip not found. Downloading from https://link.storjshare.io/s/jwrsgkkankl7zkpqjpwv3ahspoyq/moroccoai/model_and_network.zip?download=1.
2024-12-02 01:07:41,324 - ERROR - Error downloading or extracting ZIP file: [Errno 2] No such file or directory: 'bins'
2024-12-02 01:07:41,324 - INFO - Loading Random Forest model from: bins/rf_depth_to_water.pkl
2024-12-02 01:07:41,325 - ERROR - Error loading Random Forest model: [Errno 2] No such file or directory: 'bins/rf_depth_to_water.pkl'
2024-12-02 01:07:41,325 - INFO - bins/well_network.gpickle not found. Attempting to download and extract ZIP file.
2024-12-02 01:07:41,325 - INFO - bins/model_and_network.zip not found. Downloading from https://link.storjshare.io/s/jwrsgkkankl7zkpqjpwv3ahspoyq/moroccoai/model_and_network.zip?download=1.
2024-12-02 01:07:41,664 - ERROR - Error downloading or extracting ZIP file: [Errno 2] No such file or directory: 'bins'
2024-12-02 01:07:41,664 - INFO - Loading well network from: bins/well_network.gpickle
2024-12-02 01:07:41,664 - ERROR - Error loading well network: [Errno 2] No such file or directory: 'bins/well_network.gpickle'
2024-12-02 01:07:41,664 - INFO - Starting prediction for location: [34.56537816100176, -87.0486546875] with threshold: 5 km
2024-12-02 01:07:41,664 - INFO - Adding new node at location: [34.56537816100176, -87.0486546875]
2024-12-02 01:07:41,664 - ERROR - Error adding new node and edges: 'NoneType' object has no attribute 'add_node'
2024-12-02 01:07:41,664 - ERROR - Error computing and predicting depth of water: 'NoneType' object has no attribute 'degree'
2024-12-02 01:24:09,877 - INFO - 
Initializing Google Earth Engine
2024-12-02 01:24:12,074 - INFO - Google Earth Engine initialized successfully
2024-12-02 01:24:12,075 - INFO - bins/rf_depth_to_water.pkl not found. Attempting to download and extract ZIP file.
2024-12-02 01:24:12,075 - INFO - bins/model_and_network.zip not found. Downloading from https://link.storjshare.io/s/jwrsgkkankl7zkpqjpwv3ahspoyq/moroccoai/model_and_network.zip?download=1.
2024-12-02 01:24:12,528 - ERROR - Error downloading or extracting ZIP file: [Errno 2] No such file or directory: 'bins'
2024-12-02 01:24:12,528 - INFO - Loading Random Forest model from: bins/rf_depth_to_water.pkl
2024-12-02 01:24:12,528 - ERROR - Error loading Random Forest model: [Errno 2] No such file or directory: 'bins/rf_depth_to_water.pkl'
2024-12-02 01:24:12,528 - INFO - bins/well_network.gpickle not found. Attempting to download and extract ZIP file.
2024-12-02 01:24:12,528 - INFO - bins/model_and_network.zip not found. Downloading from https://link.storjshare.io/s/jwrsgkkankl7zkpqjpwv3ahspoyq/moroccoai/model_and_network.zip?download=1.
2024-12-02 01:24:12,938 - ERROR - Error downloading or extracting ZIP file: [Errno 2] No such file or directory: 'bins'
2024-12-02 01:24:12,938 - INFO - Loading well network from: bins/well_network.gpickle
2024-12-02 01:24:12,938 - ERROR - Error loading well network: [Errno 2] No such file or directory: 'bins/well_network.gpickle'
2024-12-02 01:24:12,938 - INFO - Starting prediction for location: [50.106, -202.3321] with threshold: 5 km
2024-12-02 01:24:12,938 - INFO - Adding new node at location: [50.106, -202.3321]
2024-12-02 01:24:12,938 - ERROR - Error adding new node and edges: 'NoneType' object has no attribute 'add_node'
2024-12-02 01:24:12,938 - ERROR - Error computing and predicting depth of water: 'NoneType' object has no attribute 'degree'
